<?xml version="1.0" encoding="UTF-8"?>
<!-- Generated by org.testng.reporters.JUnitXMLReporter -->
<testsuite ignored="0" hostname="LAPTOP-8NIML8Q5" failures="0" tests="6" name="Test" time="0.124" errors="0" timestamp="2022-11-24T15:44:22 IST">
  <testcase classname="com.testLayer.Priority" name="A" time="0.013"/>
  <testcase classname="com.testLayer.Priority" name="D" time="0.002"/>
  <testcase classname="com.testLayer.Priority" name="AB" time="0.001"/>
  <testcase classname="com.testLayer.Priority" name="AB" time="0.001"/>
  <testcase classname="com.testLayer.Priority" name="B" time="0.0"/>
  <testcase classname="com.testLayer.Priority" name="C" time="0.0"/>
</testsuite> <!-- Test -->
